c:\users\wangkai_715\desktop\opengl_maze\opengl_maze\debug\vc141.pdb
c:\users\wangkai_715\desktop\opengl_maze\opengl_maze\debug\vc141.idb
c:\users\wangkai_715\desktop\opengl_maze\opengl_maze\debug\test_glfw.obj
c:\users\wangkai_715\desktop\opengl_maze\opengl_maze\debug\main.obj
c:\users\wangkai_715\desktop\opengl_maze\opengl_maze\debug\shader.obj
c:\users\wangkai_715\desktop\opengl_maze\opengl_maze\debug\texture.obj
c:\users\wangkai_715\desktop\opengl_maze\opengl_maze\debug\scene_skybox.obj
c:\users\wangkai_715\desktop\opengl_maze\opengl_maze\debug\scene.obj
c:\users\wangkai_715\desktop\opengl_maze\opengl_maze\debug\scene_ground.obj
c:\users\wangkai_715\desktop\opengl_maze\opengl_maze\debug\scene_wall.obj
c:\users\wangkai_715\desktop\opengl_maze\opengl_maze\debug\camera.obj
c:\users\wangkai_715\desktop\opengl_maze\debug\opengl_maze.pdb
c:\users\wangkai_715\desktop\opengl_maze\opengl_maze\debug\opengl_maze.tlog\cl.command.1.tlog
c:\users\wangkai_715\desktop\opengl_maze\opengl_maze\debug\opengl_maze.tlog\cl.read.1.tlog
c:\users\wangkai_715\desktop\opengl_maze\opengl_maze\debug\opengl_maze.tlog\cl.write.1.tlog
c:\users\wangkai_715\desktop\opengl_maze\opengl_maze\debug\opengl_maze.tlog\link.21716-cvtres.read.1.tlog
c:\users\wangkai_715\desktop\opengl_maze\opengl_maze\debug\opengl_maze.tlog\link.21716-cvtres.write.1.tlog
c:\users\wangkai_715\desktop\opengl_maze\opengl_maze\debug\opengl_maze.tlog\link.21716-rc.read.1.tlog
c:\users\wangkai_715\desktop\opengl_maze\opengl_maze\debug\opengl_maze.tlog\link.21716-rc.write.1.tlog
c:\users\wangkai_715\desktop\opengl_maze\opengl_maze\debug\opengl_maze.tlog\link.21716.read.1.tlog
c:\users\wangkai_715\desktop\opengl_maze\opengl_maze\debug\opengl_maze.tlog\link.21716.write.1.tlog
c:\users\wangkai_715\desktop\opengl_maze\opengl_maze\debug\opengl_maze.tlog\link.command.1.tlog
c:\users\wangkai_715\desktop\opengl_maze\opengl_maze\debug\opengl_maze.tlog\link.read.1.tlog
c:\users\wangkai_715\desktop\opengl_maze\opengl_maze\debug\opengl_maze.tlog\link.write.1.tlog
